app/build/intermediates/manifest_merge_blame_file/debug/manifest-merger-blame-debug-report.txt
1<?xml version="1.0" encoding="utf-8"?>
2<manifest xmlns:android="http://schemas.android.com/apk/res/android"
3    package="com.example.collegeconnect"
4    android:versionCode="1"
5    android:versionName="1.0" >
6
7    <uses-sdk
8        android:minSdkVersion="21"
8-->src\main\AndroidManifest.xml
9        android:targetSdkVersion="32" />
9-->src\main\AndroidManifest.xml
10
11    <uses-permission android:name="android.permission.ACCESS_WIFI_STATE" />
11-->src\main\AndroidManifest.xml:4:5-78
11-->src\main\AndroidManifest.xml:4:22-75
12    <uses-permission android:name="android.permission.ACCESS_NETWORK_STATE" />
12-->src\main\AndroidManifest.xml:5:5-81
12-->src\main\AndroidManifest.xml:5:22-78
13    <uses-permission android:name="android.permission.INTERNET" />
13-->src\main\AndroidManifest.xml:6:5-67
13-->src\main\AndroidManifest.xml:6:22-64
14
15    <application
15-->src\main\AndroidManifest.xml:7:5-38:19
16        android:allowBackup="true"
16-->src\main\AndroidManifest.xml:8:9-35
17        android:appComponentFactory="androidx.core.app.CoreComponentFactory"
17-->[androidx.core:core:1.7.0] AndroidManifest.xml:24:18-86
18        android:debuggable="true"
19        android:icon="@mipmap/ic_launcher"
19-->src\main\AndroidManifest.xml:9:9-43
20        android:label="@string/app_name"
20-->src\main\AndroidManifest.xml:10:9-41
21        android:roundIcon="@mipmap/ic_launcher_round"
21-->src\main\AndroidManifest.xml:11:9-54
22        android:supportsRtl="true"
22-->src\main\AndroidManifest.xml:12:9-35
23        android:testOnly="true"
24        android:theme="@style/Theme.CollegeConnect" >
24-->src\main\AndroidManifest.xml:13:9-52
25        <activity
25-->src\main\AndroidManifest.xml:14:9-16:40
26            android:name="com.example.collegeconnect.EditProfile"
26-->src\main\AndroidManifest.xml:15:13-40
27            android:exported="false" />
27-->src\main\AndroidManifest.xml:16:13-37
28        <activity
28-->src\main\AndroidManifest.xml:17:9-19:40
29            android:name="com.example.collegeconnect.forgotpassword"
29-->src\main\AndroidManifest.xml:18:13-43
30            android:exported="false" />
30-->src\main\AndroidManifest.xml:19:13-37
31        <activity
31-->src\main\AndroidManifest.xml:20:9-22:40
32            android:name="com.example.collegeconnect.mainscreen"
32-->src\main\AndroidManifest.xml:21:13-39
33            android:exported="false" />
33-->src\main\AndroidManifest.xml:22:13-37
34        <activity
34-->src\main\AndroidManifest.xml:23:9-25:40
35            android:name="com.example.collegeconnect.Loginin"
35-->src\main\AndroidManifest.xml:24:13-36
36            android:exported="false" />
36-->src\main\AndroidManifest.xml:25:13-37
37        <activity
37-->src\main\AndroidManifest.xml:26:9-28:40
38            android:name="com.example.collegeconnect.signup"
38-->src\main\AndroidManifest.xml:27:13-35
39            android:exported="false" />
39-->src\main\AndroidManifest.xml:28:13-37
40        <activity
40-->src\main\AndroidManifest.xml:29:9-37:20
41            android:name="com.example.collegeconnect.MainActivity"
41-->src\main\AndroidManifest.xml:30:13-41
42            android:exported="true" >
42-->src\main\AndroidManifest.xml:31:13-36
43            <intent-filter>
43-->src\main\AndroidManifest.xml:32:13-36:29
44                <action android:name="android.intent.action.MAIN" />
44-->src\main\AndroidManifest.xml:33:17-69
44-->src\main\AndroidManifest.xml:33:25-66
45
46                <category android:name="android.intent.category.LAUNCHER" />
46-->src\main\AndroidManifest.xml:35:17-77
46-->src\main\AndroidManifest.xml:35:27-74
47            </intent-filter>
48        </activity>
49
50        <provider
50-->[androidx.emoji2:emoji2:1.0.0] AndroidManifest.xml:26:9-34:20
51            android:name="androidx.startup.InitializationProvider"
51-->[androidx.emoji2:emoji2:1.0.0] AndroidManifest.xml:27:13-67
52            android:authorities="com.example.collegeconnect.androidx-startup"
52-->[androidx.emoji2:emoji2:1.0.0] AndroidManifest.xml:28:13-68
53            android:exported="false" >
53-->[androidx.emoji2:emoji2:1.0.0] AndroidManifest.xml:29:13-37
54            <meta-data
54-->[androidx.emoji2:emoji2:1.0.0] AndroidManifest.xml:31:13-33:52
55                android:name="androidx.emoji2.text.EmojiCompatInitializer"
55-->[androidx.emoji2:emoji2:1.0.0] AndroidManifest.xml:32:17-75
56                android:value="androidx.startup" />
56-->[androidx.emoji2:emoji2:1.0.0] AndroidManifest.xml:33:17-49
57            <meta-data
57-->[androidx.lifecycle:lifecycle-process:2.4.0] AndroidManifest.xml:31:13-33:52
58                android:name="androidx.lifecycle.ProcessLifecycleInitializer"
58-->[androidx.lifecycle:lifecycle-process:2.4.0] AndroidManifest.xml:32:17-78
59                android:value="androidx.startup" />
59-->[androidx.lifecycle:lifecycle-process:2.4.0] AndroidManifest.xml:33:17-49
60        </provider>
61    </application>
62
63</manifest>